<?xml version="1.0" encoding="UTF-8"?>
<!-- Generated by org.testng.reporters.JUnitXMLReporter -->
<testsuite ignored="0" hostname="DESKTOP-8C48EC6" failures="0" tests="5" name="Test_TC_001" time="46.75" errors="0" timestamp="2023-01-26T19:49:05 IST">
  <testcase classname="testCases.TC_LoginDataDrivenTest" name="test_LoginDDT" time="3.17"/>
  <testcase classname="testCases.TC_LoginDataDrivenTest" name="test_LoginDDT" time="11.155"/>
  <testcase classname="testCases.TC_LoginDataDrivenTest" name="test_LoginDDT" time="11.082"/>
  <testcase classname="testCases.TC_LoginDataDrivenTest" name="test_LoginDDT" time="10.928"/>
  <testcase classname="testCases.TC_LoginDataDrivenTest" name="test_LoginDDT" time="2.596"/>
</testsuite> <!-- Test_TC_001 -->
