<?xml version="1.0" encoding="UTF-8"?>
<!-- Generated by org.testng.reporters.JUnitXMLReporter -->
<testsuite ignored="0" hostname="DESKTOP-8C48EC6" failures="0" tests="3" name="Test_TC_001" time="21.794" errors="0" timestamp="2023-02-08T16:51:26 IST">
  <testcase classname="testCases.TC_001_AccountRegistrationTest" name="test_account_Registration" time="3.41"/>
  <testcase classname="testCases.TC_002_LoginTest" name="test_Login" time="2.571"/>
  <testcase classname="testCases.TC_003_LogoutTest" name="logout_Test" time="1.05"/>
</testsuite> <!-- Test_TC_001 -->
