<?xml version="1.0" encoding="UTF-8"?>
<testng-results ignored="0" total="5" passed="5" failed="0" skipped="0">
  <reporter-output>
  </reporter-output>
  <suite started-at="2023-01-26T19:48:18 IST" name="AccountRegistrationSuite" finished-at="2023-01-26T19:49:04 IST" duration-ms="46750">
    <groups>
    </groups>
    <test started-at="2023-01-26T19:48:18 IST" name="Test_TC_001" finished-at="2023-01-26T19:49:04 IST" duration-ms="46750">
      <class name="testCases.TC_LoginDataDrivenTest">
        <test-method is-config="true" signature="setup(java.lang.String)[pri:0, instance:testCases.TC_LoginDataDrivenTest@2e8c1c9b]" started-at="2023-01-26T19:48:18 IST" name="setup" finished-at="2023-01-26T19:48:24 IST" duration-ms="5659" status="PASS">
          <params>
            <param index="0">
              <value>
                <![CDATA[chrome]]>
              </value>
            </param>
          </params>
          <reporter-output>
          </reporter-output>
        </test-method> <!-- setup -->
        <test-method signature="test_LoginDDT(java.lang.String,java.lang.String,java.lang.String)[pri:0, instance:testCases.TC_LoginDataDrivenTest@2e8c1c9b]" started-at="2023-01-26T19:48:25 IST" name="test_LoginDDT" data-provider="LoginData" finished-at="2023-01-26T19:48:28 IST" duration-ms="3170" status="PASS">
          <params>
            <param index="0">
              <value>
                <![CDATA[sharad1212@gmail.com]]>
              </value>
            </param>
            <param index="1">
              <value>
                <![CDATA[Pass@123]]>
              </value>
            </param>
            <param index="2">
              <value>
                <![CDATA[Valid]]>
              </value>
            </param>
          </params>
          <reporter-output>
          </reporter-output>
        </test-method> <!-- test_LoginDDT -->
        <test-method signature="test_LoginDDT(java.lang.String,java.lang.String,java.lang.String)[pri:0, instance:testCases.TC_LoginDataDrivenTest@2e8c1c9b]" started-at="2023-01-26T19:48:28 IST" name="test_LoginDDT" data-provider="LoginData" finished-at="2023-01-26T19:48:40 IST" duration-ms="11155" status="PASS">
          <params>
            <param index="0">
              <value>
                <![CDATA[lakshmi@yahoo.com]]>
              </value>
            </param>
            <param index="1">
              <value>
                <![CDATA[Laxmi]]>
              </value>
            </param>
            <param index="2">
              <value>
                <![CDATA[Invalid]]>
              </value>
            </param>
          </params>
          <reporter-output>
          </reporter-output>
        </test-method> <!-- test_LoginDDT -->
        <test-method signature="test_LoginDDT(java.lang.String,java.lang.String,java.lang.String)[pri:0, instance:testCases.TC_LoginDataDrivenTest@2e8c1c9b]" started-at="2023-01-26T19:48:40 IST" name="test_LoginDDT" data-provider="LoginData" finished-at="2023-01-26T19:48:51 IST" duration-ms="11082" status="PASS">
          <params>
            <param index="0">
              <value>
                <![CDATA[laksh@yahoo.com]]>
              </value>
            </param>
            <param index="1">
              <value>
                <![CDATA[Lakshmi]]>
              </value>
            </param>
            <param index="2">
              <value>
                <![CDATA[Invalid]]>
              </value>
            </param>
          </params>
          <reporter-output>
          </reporter-output>
        </test-method> <!-- test_LoginDDT -->
        <test-method signature="test_LoginDDT(java.lang.String,java.lang.String,java.lang.String)[pri:0, instance:testCases.TC_LoginDataDrivenTest@2e8c1c9b]" started-at="2023-01-26T19:48:51 IST" name="test_LoginDDT" data-provider="LoginData" finished-at="2023-01-26T19:49:02 IST" duration-ms="10928" status="PASS">
          <params>
            <param index="0">
              <value>
                <![CDATA[laks@yahoo.com]]>
              </value>
            </param>
            <param index="1">
              <value>
                <![CDATA[xyz]]>
              </value>
            </param>
            <param index="2">
              <value>
                <![CDATA[Invalid]]>
              </value>
            </param>
          </params>
          <reporter-output>
          </reporter-output>
        </test-method> <!-- test_LoginDDT -->
        <test-method signature="test_LoginDDT(java.lang.String,java.lang.String,java.lang.String)[pri:0, instance:testCases.TC_LoginDataDrivenTest@2e8c1c9b]" started-at="2023-01-26T19:49:02 IST" name="test_LoginDDT" data-provider="LoginData" finished-at="2023-01-26T19:49:04 IST" duration-ms="2596" status="PASS">
          <params>
            <param index="0">
              <value>
                <![CDATA[sagar1212@gmail.com]]>
              </value>
            </param>
            <param index="1">
              <value>
                <![CDATA[Pass@123]]>
              </value>
            </param>
            <param index="2">
              <value>
                <![CDATA[Valid]]>
              </value>
            </param>
          </params>
          <reporter-output>
          </reporter-output>
        </test-method> <!-- test_LoginDDT -->
        <test-method is-config="true" signature="tearDown()[pri:0, instance:testCases.TC_LoginDataDrivenTest@2e8c1c9b]" started-at="2023-01-26T19:49:04 IST" name="tearDown" finished-at="2023-01-26T19:49:04 IST" duration-ms="331" status="PASS">
          <reporter-output>
          </reporter-output>
        </test-method> <!-- tearDown -->
      </class> <!-- testCases.TC_LoginDataDrivenTest -->
    </test> <!-- Test_TC_001 -->
  </suite> <!-- AccountRegistrationSuite -->
</testng-results>
