<?xml version="1.0" encoding="UTF-8"?>
<testng-results ignored="0" total="3" passed="3" failed="0" skipped="0">
  <reporter-output>
  </reporter-output>
  <suite started-at="2023-02-08T17:02:09 IST" name="OpenCartSuite" finished-at="2023-02-08T17:02:42 IST" duration-ms="32782">
    <groups>
    </groups>
    <test started-at="2023-02-08T17:02:09 IST" name="Test" finished-at="2023-02-08T17:02:42 IST" duration-ms="32782">
      <class name="testCases.TC_001_AccountRegistrationTest">
        <test-method is-config="true" signature="setup(java.lang.String)[pri:0, instance:testCases.TC_001_AccountRegistrationTest@25ce9dc4]" started-at="2023-02-08T17:02:32 IST" name="setup" finished-at="2023-02-08T17:02:38 IST" duration-ms="5482" status="PASS">
          <params>
            <param index="0">
              <value>
                <![CDATA[edge]]>
              </value>
            </param>
          </params>
          <reporter-output>
          </reporter-output>
        </test-method> <!-- setup -->
        <test-method signature="test_account_Registration()[pri:0, instance:testCases.TC_001_AccountRegistrationTest@25ce9dc4]" started-at="2023-02-08T17:02:38 IST" name="test_account_Registration" finished-at="2023-02-08T17:02:41 IST" duration-ms="3746" status="PASS">
          <reporter-output>
          </reporter-output>
        </test-method> <!-- test_account_Registration -->
        <test-method is-config="true" signature="tearDown()[pri:0, instance:testCases.TC_001_AccountRegistrationTest@25ce9dc4]" started-at="2023-02-08T17:02:41 IST" name="tearDown" finished-at="2023-02-08T17:02:42 IST" duration-ms="861" status="PASS">
          <reporter-output>
          </reporter-output>
        </test-method> <!-- tearDown -->
      </class> <!-- testCases.TC_001_AccountRegistrationTest -->
      <class name="testCases.TC_003_LogoutTest">
        <test-method is-config="true" signature="setup(java.lang.String)[pri:0, instance:testCases.TC_003_LogoutTest@173ed316]" started-at="2023-02-08T17:02:24 IST" name="setup" finished-at="2023-02-08T17:02:30 IST" duration-ms="6089" status="PASS">
          <params>
            <param index="0">
              <value>
                <![CDATA[edge]]>
              </value>
            </param>
          </params>
          <reporter-output>
          </reporter-output>
        </test-method> <!-- setup -->
        <test-method signature="logout_Test()[pri:0, instance:testCases.TC_003_LogoutTest@173ed316]" started-at="2023-02-08T17:02:30 IST" name="logout_Test" finished-at="2023-02-08T17:02:32 IST" duration-ms="1358" status="PASS">
          <reporter-output>
          </reporter-output>
        </test-method> <!-- logout_Test -->
        <test-method is-config="true" signature="tearDown()[pri:0, instance:testCases.TC_003_LogoutTest@173ed316]" started-at="2023-02-08T17:02:32 IST" name="tearDown" finished-at="2023-02-08T17:02:32 IST" duration-ms="344" status="PASS">
          <reporter-output>
          </reporter-output>
        </test-method> <!-- tearDown -->
      </class> <!-- testCases.TC_003_LogoutTest -->
      <class name="testCases.TC_002_LoginTest">
        <test-method is-config="true" signature="setup(java.lang.String)[pri:0, instance:testCases.TC_002_LoginTest@7d0b7e3c]" started-at="2023-02-08T17:02:10 IST" name="setup" finished-at="2023-02-08T17:02:20 IST" duration-ms="10579" status="PASS">
          <params>
            <param index="0">
              <value>
                <![CDATA[edge]]>
              </value>
            </param>
          </params>
          <reporter-output>
          </reporter-output>
        </test-method> <!-- setup -->
        <test-method signature="test_Login()[pri:0, instance:testCases.TC_002_LoginTest@7d0b7e3c]" started-at="2023-02-08T17:02:20 IST" name="test_Login" finished-at="2023-02-08T17:02:24 IST" duration-ms="3333" status="PASS">
          <reporter-output>
          </reporter-output>
        </test-method> <!-- test_Login -->
        <test-method is-config="true" signature="tearDown()[pri:0, instance:testCases.TC_002_LoginTest@7d0b7e3c]" started-at="2023-02-08T17:02:24 IST" name="tearDown" finished-at="2023-02-08T17:02:24 IST" duration-ms="448" status="PASS">
          <reporter-output>
          </reporter-output>
        </test-method> <!-- tearDown -->
      </class> <!-- testCases.TC_002_LoginTest -->
    </test> <!-- Test -->
  </suite> <!-- OpenCartSuite -->
</testng-results>
