<?xml version="1.0" encoding="UTF-8"?>
<!-- Generated by org.testng.reporters.JUnitXMLReporter -->
<testsuite ignored="0" hostname="DESKTOP-8C48EC6" failures="0" tests="3" name="Test" time="32.782" errors="0" timestamp="2023-02-08T17:02:43 IST">
  <testcase classname="testCases.TC_002_LoginTest" name="test_Login" time="3.333"/>
  <testcase classname="testCases.TC_003_LogoutTest" name="logout_Test" time="1.358"/>
  <testcase classname="testCases.TC_001_AccountRegistrationTest" name="test_account_Registration" time="3.746"/>
</testsuite> <!-- Test -->
